04/24/2018 12:06:29 AM --------------------
04/24/2018 12:06:29 AM -------------
04/24/2018 12:06:29 AM Script starting...

04/24/2018 12:06:29 AM Initiating client for the day's submssions...
04/24/2018 12:06:29 AM Ongoing...
04/24/2018 12:06:29 AM Logging in...
04/24/2018 12:06:31 AM Logged in with: /u/NewsMaps
04/24/2018 12:06:31 AM Client initiated.
04/24/2018 12:06:31 AM Fetching...
04/24/2018 12:06:31 AM Ongoing...
04/24/2018 12:06:31 AM Fetched.
04/24/2018 12:06:31 AM Getting context...
04/24/2018 12:06:31 AM Ongoing...
04/24/2018 12:06:34 AM Error: 
**********************************************************************
  Resource [93mpunkt[0m not found.
  Please use the NLTK Downloader to obtain the resource:

  [31m>>> import nltk
  >>> nltk.download('punkt')
  [0m
  Searched in:
    - '/home/reesau01/nltk_data'
    - '/usr/share/nltk_data'
    - '/usr/local/share/nltk_data'
    - '/usr/lib/nltk_data'
    - '/usr/local/lib/nltk_data'
    - '/usr/nltk_data'
    - '/usr/lib/nltk_data'
    - ''
**********************************************************************

04/24/2018 12:06:36 AM Error: 
**********************************************************************
  Resource [93mpunkt[0m not found.
  Please use the NLTK Downloader to obtain the resource:

  [31m>>> import nltk
  >>> nltk.download('punkt')
  [0m
  Searched in:
    - '/home/reesau01/nltk_data'
    - '/usr/share/nltk_data'
    - '/usr/local/share/nltk_data'
    - '/usr/lib/nltk_data'
    - '/usr/local/lib/nltk_data'
    - '/usr/nltk_data'
    - '/usr/lib/nltk_data'
    - ''
**********************************************************************

04/24/2018 12:06:40 AM Error: 
**********************************************************************
  Resource [93mpunkt[0m not found.
  Please use the NLTK Downloader to obtain the resource:

  [31m>>> import nltk
  >>> nltk.download('punkt')
  [0m
  Searched in:
    - '/home/reesau01/nltk_data'
    - '/usr/share/nltk_data'
    - '/usr/local/share/nltk_data'
    - '/usr/lib/nltk_data'
    - '/usr/local/lib/nltk_data'
    - '/usr/nltk_data'
    - '/usr/lib/nltk_data'
    - ''
**********************************************************************

04/24/2018 12:06:41 AM Error: 
**********************************************************************
  Resource [93mpunkt[0m not found.
  Please use the NLTK Downloader to obtain the resource:

  [31m>>> import nltk
  >>> nltk.download('punkt')
  [0m
  Searched in:
    - '/home/reesau01/nltk_data'
    - '/usr/share/nltk_data'
    - '/usr/local/share/nltk_data'
    - '/usr/lib/nltk_data'
    - '/usr/local/lib/nltk_data'
    - '/usr/nltk_data'
    - '/usr/lib/nltk_data'
    - ''
**********************************************************************

04/24/2018 12:06:43 AM Error: 
**********************************************************************
  Resource [93mpunkt[0m not found.
  Please use the NLTK Downloader to obtain the resource:

  [31m>>> import nltk
  >>> nltk.download('punkt')
  [0m
  Searched in:
    - '/home/reesau01/nltk_data'
    - '/usr/share/nltk_data'
    - '/usr/local/share/nltk_data'
    - '/usr/lib/nltk_data'
    - '/usr/local/lib/nltk_data'
    - '/usr/nltk_data'
    - '/usr/lib/nltk_data'
    - ''
**********************************************************************

04/24/2018 12:06:47 AM Error: 
**********************************************************************
  Resource [93mpunkt[0m not found.
  Please use the NLTK Downloader to obtain the resource:

  [31m>>> import nltk
  >>> nltk.download('punkt')
  [0m
  Searched in:
    - '/home/reesau01/nltk_data'
    - '/usr/share/nltk_data'
    - '/usr/local/share/nltk_data'
    - '/usr/lib/nltk_data'
    - '/usr/local/lib/nltk_data'
    - '/usr/nltk_data'
    - '/usr/lib/nltk_data'
    - ''
**********************************************************************

04/24/2018 12:06:52 AM Error: 
**********************************************************************
  Resource [93mpunkt[0m not found.
  Please use the NLTK Downloader to obtain the resource:

  [31m>>> import nltk
  >>> nltk.download('punkt')
  [0m
  Searched in:
    - '/home/reesau01/nltk_data'
    - '/usr/share/nltk_data'
    - '/usr/local/share/nltk_data'
    - '/usr/lib/nltk_data'
    - '/usr/local/lib/nltk_data'
    - '/usr/nltk_data'
    - '/usr/lib/nltk_data'
    - ''
**********************************************************************

04/24/2018 12:06:52 AM Error: 
04/24/2018 12:06:52 AM Error: 
**********************************************************************
  Resource [93mpunkt[0m not found.
  Please use the NLTK Downloader to obtain the resource:

  [31m>>> import nltk
  >>> nltk.download('punkt')
  [0m
  Searched in:
    - '/home/reesau01/nltk_data'
    - '/usr/share/nltk_data'
    - '/usr/local/share/nltk_data'
    - '/usr/lib/nltk_data'
    - '/usr/local/lib/nltk_data'
    - '/usr/nltk_data'
    - '/usr/lib/nltk_data'
    - ''
**********************************************************************

04/24/2018 12:06:53 AM Error: 
**********************************************************************
  Resource [93mpunkt[0m not found.
  Please use the NLTK Downloader to obtain the resource:

  [31m>>> import nltk
  >>> nltk.download('punkt')
  [0m
  Searched in:
    - '/home/reesau01/nltk_data'
    - '/usr/share/nltk_data'
    - '/usr/local/share/nltk_data'
    - '/usr/lib/nltk_data'
    - '/usr/local/lib/nltk_data'
    - '/usr/nltk_data'
    - '/usr/lib/nltk_data'
    - ''
**********************************************************************

04/24/2018 12:06:55 AM Error: 
**********************************************************************
  Resource [93mpunkt[0m not found.
  Please use the NLTK Downloader to obtain the resource:

  [31m>>> import nltk
  >>> nltk.download('punkt')
  [0m
  Searched in:
    - '/home/reesau01/nltk_data'
    - '/usr/share/nltk_data'
    - '/usr/local/share/nltk_data'
    - '/usr/lib/nltk_data'
    - '/usr/local/lib/nltk_data'
    - '/usr/nltk_data'
    - '/usr/lib/nltk_data'
    - ''
**********************************************************************

04/24/2018 12:06:57 AM Error: 
**********************************************************************
  Resource [93mpunkt[0m not found.
  Please use the NLTK Downloader to obtain the resource:

  [31m>>> import nltk
  >>> nltk.download('punkt')
  [0m
  Searched in:
    - '/home/reesau01/nltk_data'
    - '/usr/share/nltk_data'
    - '/usr/local/share/nltk_data'
    - '/usr/lib/nltk_data'
    - '/usr/local/lib/nltk_data'
    - '/usr/nltk_data'
    - '/usr/lib/nltk_data'
    - ''
**********************************************************************

04/24/2018 12:07:00 AM Error: 
**********************************************************************
  Resource [93mpunkt[0m not found.
  Please use the NLTK Downloader to obtain the resource:

  [31m>>> import nltk
  >>> nltk.download('punkt')
  [0m
  Searched in:
    - '/home/reesau01/nltk_data'
    - '/usr/share/nltk_data'
    - '/usr/local/share/nltk_data'
    - '/usr/lib/nltk_data'
    - '/usr/local/lib/nltk_data'
    - '/usr/nltk_data'
    - '/usr/lib/nltk_data'
    - ''
**********************************************************************

04/24/2018 12:07:02 AM Error: 
**********************************************************************
  Resource [93mpunkt[0m not found.
  Please use the NLTK Downloader to obtain the resource:

  [31m>>> import nltk
  >>> nltk.download('punkt')
  [0m
  Searched in:
    - '/home/reesau01/nltk_data'
    - '/usr/share/nltk_data'
    - '/usr/local/share/nltk_data'
    - '/usr/lib/nltk_data'
    - '/usr/local/lib/nltk_data'
    - '/usr/nltk_data'
    - '/usr/lib/nltk_data'
    - ''
**********************************************************************

04/24/2018 12:07:08 AM Error: 
**********************************************************************
  Resource [93mpunkt[0m not found.
  Please use the NLTK Downloader to obtain the resource:

  [31m>>> import nltk
  >>> nltk.download('punkt')
  [0m
  Searched in:
    - '/home/reesau01/nltk_data'
    - '/usr/share/nltk_data'
    - '/usr/local/share/nltk_data'
    - '/usr/lib/nltk_data'
    - '/usr/local/lib/nltk_data'
    - '/usr/nltk_data'
    - '/usr/lib/nltk_data'
    - ''
**********************************************************************

04/24/2018 12:07:09 AM Error: 
**********************************************************************
  Resource [93mpunkt[0m not found.
  Please use the NLTK Downloader to obtain the resource:

  [31m>>> import nltk
  >>> nltk.download('punkt')
  [0m
  Searched in:
    - '/home/reesau01/nltk_data'
    - '/usr/share/nltk_data'
    - '/usr/local/share/nltk_data'
    - '/usr/lib/nltk_data'
    - '/usr/local/lib/nltk_data'
    - '/usr/nltk_data'
    - '/usr/lib/nltk_data'
    - ''
**********************************************************************

04/24/2018 12:07:09 AM Error: 
**********************************************************************
  Resource [93mpunkt[0m not found.
  Please use the NLTK Downloader to obtain the resource:

  [31m>>> import nltk
  >>> nltk.download('punkt')
  [0m
  Searched in:
    - '/home/reesau01/nltk_data'
    - '/usr/share/nltk_data'
    - '/usr/local/share/nltk_data'
    - '/usr/lib/nltk_data'
    - '/usr/local/lib/nltk_data'
    - '/usr/nltk_data'
    - '/usr/lib/nltk_data'
    - ''
**********************************************************************

04/24/2018 12:07:10 AM Error: 
**********************************************************************
  Resource [93mpunkt[0m not found.
  Please use the NLTK Downloader to obtain the resource:

  [31m>>> import nltk
  >>> nltk.download('punkt')
  [0m
  Searched in:
    - '/home/reesau01/nltk_data'
    - '/usr/share/nltk_data'
    - '/usr/local/share/nltk_data'
    - '/usr/lib/nltk_data'
    - '/usr/local/lib/nltk_data'
    - '/usr/nltk_data'
    - '/usr/lib/nltk_data'
    - ''
**********************************************************************

04/24/2018 12:07:11 AM Error: 
**********************************************************************
  Resource [93mpunkt[0m not found.
  Please use the NLTK Downloader to obtain the resource:

  [31m>>> import nltk
  >>> nltk.download('punkt')
  [0m
  Searched in:
    - '/home/reesau01/nltk_data'
    - '/usr/share/nltk_data'
    - '/usr/local/share/nltk_data'
    - '/usr/lib/nltk_data'
    - '/usr/local/lib/nltk_data'
    - '/usr/nltk_data'
    - '/usr/lib/nltk_data'
    - ''
**********************************************************************

04/24/2018 12:07:13 AM Error: 
**********************************************************************
  Resource [93mpunkt[0m not found.
  Please use the NLTK Downloader to obtain the resource:

  [31m>>> import nltk
  >>> nltk.download('punkt')
  [0m
  Searched in:
    - '/home/reesau01/nltk_data'
    - '/usr/share/nltk_data'
    - '/usr/local/share/nltk_data'
    - '/usr/lib/nltk_data'
    - '/usr/local/lib/nltk_data'
    - '/usr/nltk_data'
    - '/usr/lib/nltk_data'
    - ''
**********************************************************************

04/24/2018 12:07:15 AM Error: 
**********************************************************************
  Resource [93mpunkt[0m not found.
  Please use the NLTK Downloader to obtain the resource:

  [31m>>> import nltk
  >>> nltk.download('punkt')
  [0m
  Searched in:
    - '/home/reesau01/nltk_data'
    - '/usr/share/nltk_data'
    - '/usr/local/share/nltk_data'
    - '/usr/lib/nltk_data'
    - '/usr/local/lib/nltk_data'
    - '/usr/nltk_data'
    - '/usr/lib/nltk_data'
    - ''
**********************************************************************

04/24/2018 12:07:21 AM Error: 
**********************************************************************
  Resource [93mpunkt[0m not found.
  Please use the NLTK Downloader to obtain the resource:

  [31m>>> import nltk
  >>> nltk.download('punkt')
  [0m
  Searched in:
    - '/home/reesau01/nltk_data'
    - '/usr/share/nltk_data'
    - '/usr/local/share/nltk_data'
    - '/usr/lib/nltk_data'
    - '/usr/local/lib/nltk_data'
    - '/usr/nltk_data'
    - '/usr/lib/nltk_data'
    - ''
**********************************************************************

04/24/2018 12:07:22 AM Error: 
**********************************************************************
  Resource [93mpunkt[0m not found.
  Please use the NLTK Downloader to obtain the resource:

  [31m>>> import nltk
  >>> nltk.download('punkt')
  [0m
  Searched in:
    - '/home/reesau01/nltk_data'
    - '/usr/share/nltk_data'
    - '/usr/local/share/nltk_data'
    - '/usr/lib/nltk_data'
    - '/usr/local/lib/nltk_data'
    - '/usr/nltk_data'
    - '/usr/lib/nltk_data'
    - ''
**********************************************************************

04/24/2018 12:07:24 AM Error: 
**********************************************************************
  Resource [93mpunkt[0m not found.
  Please use the NLTK Downloader to obtain the resource:

  [31m>>> import nltk
  >>> nltk.download('punkt')
  [0m
  Searched in:
    - '/home/reesau01/nltk_data'
    - '/usr/share/nltk_data'
    - '/usr/local/share/nltk_data'
    - '/usr/lib/nltk_data'
    - '/usr/local/lib/nltk_data'
    - '/usr/nltk_data'
    - '/usr/lib/nltk_data'
    - ''
**********************************************************************

04/24/2018 12:07:33 AM Error: 
**********************************************************************
  Resource [93mpunkt[0m not found.
  Please use the NLTK Downloader to obtain the resource:

  [31m>>> import nltk
  >>> nltk.download('punkt')
  [0m
  Searched in:
    - '/home/reesau01/nltk_data'
    - '/usr/share/nltk_data'
    - '/usr/local/share/nltk_data'
    - '/usr/lib/nltk_data'
    - '/usr/local/lib/nltk_data'
    - '/usr/nltk_data'
    - '/usr/lib/nltk_data'
    - ''
**********************************************************************

04/24/2018 12:07:38 AM Error: 
**********************************************************************
  Resource [93mpunkt[0m not found.
  Please use the NLTK Downloader to obtain the resource:

  [31m>>> import nltk
  >>> nltk.download('punkt')
  [0m
  Searched in:
    - '/home/reesau01/nltk_data'
    - '/usr/share/nltk_data'
    - '/usr/local/share/nltk_data'
    - '/usr/lib/nltk_data'
    - '/usr/local/lib/nltk_data'
    - '/usr/nltk_data'
    - '/usr/lib/nltk_data'
    - ''
**********************************************************************

04/24/2018 12:07:42 AM Error: 
**********************************************************************
  Resource [93mpunkt[0m not found.
  Please use the NLTK Downloader to obtain the resource:

  [31m>>> import nltk
  >>> nltk.download('punkt')
  [0m
  Searched in:
    - '/home/reesau01/nltk_data'
    - '/usr/share/nltk_data'
    - '/usr/local/share/nltk_data'
    - '/usr/lib/nltk_data'
    - '/usr/local/lib/nltk_data'
    - '/usr/nltk_data'
    - '/usr/lib/nltk_data'
    - ''
**********************************************************************

04/24/2018 12:07:48 AM Error: 
**********************************************************************
  Resource [93mpunkt[0m not found.
  Please use the NLTK Downloader to obtain the resource:

  [31m>>> import nltk
  >>> nltk.download('punkt')
  [0m
  Searched in:
    - '/home/reesau01/nltk_data'
    - '/usr/share/nltk_data'
    - '/usr/local/share/nltk_data'
    - '/usr/lib/nltk_data'
    - '/usr/local/lib/nltk_data'
    - '/usr/nltk_data'
    - '/usr/lib/nltk_data'
    - ''
**********************************************************************

04/24/2018 12:08:00 AM Error: 
**********************************************************************
  Resource [93mpunkt[0m not found.
  Please use the NLTK Downloader to obtain the resource:

  [31m>>> import nltk
  >>> nltk.download('punkt')
  [0m
  Searched in:
    - '/home/reesau01/nltk_data'
    - '/usr/share/nltk_data'
    - '/usr/local/share/nltk_data'
    - '/usr/lib/nltk_data'
    - '/usr/local/lib/nltk_data'
    - '/usr/nltk_data'
    - '/usr/lib/nltk_data'
    - ''
**********************************************************************

04/24/2018 12:08:02 AM Error: 
**********************************************************************
  Resource [93mpunkt[0m not found.
  Please use the NLTK Downloader to obtain the resource:

  [31m>>> import nltk
  >>> nltk.download('punkt')
  [0m
  Searched in:
    - '/home/reesau01/nltk_data'
    - '/usr/share/nltk_data'
    - '/usr/local/share/nltk_data'
    - '/usr/lib/nltk_data'
    - '/usr/local/lib/nltk_data'
    - '/usr/nltk_data'
    - '/usr/lib/nltk_data'
    - ''
**********************************************************************

04/24/2018 12:08:04 AM Error: 
**********************************************************************
  Resource [93mpunkt[0m not found.
  Please use the NLTK Downloader to obtain the resource:

  [31m>>> import nltk
  >>> nltk.download('punkt')
  [0m
  Searched in:
    - '/home/reesau01/nltk_data'
    - '/usr/share/nltk_data'
    - '/usr/local/share/nltk_data'
    - '/usr/lib/nltk_data'
    - '/usr/local/lib/nltk_data'
    - '/usr/nltk_data'
    - '/usr/lib/nltk_data'
    - ''
**********************************************************************

04/24/2018 12:08:07 AM Error: 
**********************************************************************
  Resource [93mpunkt[0m not found.
  Please use the NLTK Downloader to obtain the resource:

  [31m>>> import nltk
  >>> nltk.download('punkt')
  [0m
  Searched in:
    - '/home/reesau01/nltk_data'
    - '/usr/share/nltk_data'
    - '/usr/local/share/nltk_data'
    - '/usr/lib/nltk_data'
    - '/usr/local/lib/nltk_data'
    - '/usr/nltk_data'
    - '/usr/lib/nltk_data'
    - ''
**********************************************************************

04/24/2018 12:08:10 AM Error: 
**********************************************************************
  Resource [93mpunkt[0m not found.
  Please use the NLTK Downloader to obtain the resource:

  [31m>>> import nltk
  >>> nltk.download('punkt')
  [0m
  Searched in:
    - '/home/reesau01/nltk_data'
    - '/usr/share/nltk_data'
    - '/usr/local/share/nltk_data'
    - '/usr/lib/nltk_data'
    - '/usr/local/lib/nltk_data'
    - '/usr/nltk_data'
    - '/usr/lib/nltk_data'
    - ''
**********************************************************************

04/24/2018 12:08:18 AM Error: 
**********************************************************************
  Resource [93mpunkt[0m not found.
  Please use the NLTK Downloader to obtain the resource:

  [31m>>> import nltk
  >>> nltk.download('punkt')
  [0m
  Searched in:
    - '/home/reesau01/nltk_data'
    - '/usr/share/nltk_data'
    - '/usr/local/share/nltk_data'
    - '/usr/lib/nltk_data'
    - '/usr/local/lib/nltk_data'
    - '/usr/nltk_data'
    - '/usr/lib/nltk_data'
    - ''
**********************************************************************

04/24/2018 12:08:26 AM Error: 
**********************************************************************
  Resource [93mpunkt[0m not found.
  Please use the NLTK Downloader to obtain the resource:

  [31m>>> import nltk
  >>> nltk.download('punkt')
  [0m
  Searched in:
    - '/home/reesau01/nltk_data'
    - '/usr/share/nltk_data'
    - '/usr/local/share/nltk_data'
    - '/usr/lib/nltk_data'
    - '/usr/local/lib/nltk_data'
    - '/usr/nltk_data'
    - '/usr/lib/nltk_data'
    - ''
**********************************************************************

04/24/2018 12:08:45 AM Error: 
**********************************************************************
  Resource [93mpunkt[0m not found.
  Please use the NLTK Downloader to obtain the resource:

  [31m>>> import nltk
  >>> nltk.download('punkt')
  [0m
  Searched in:
    - '/home/reesau01/nltk_data'
    - '/usr/share/nltk_data'
    - '/usr/local/share/nltk_data'
    - '/usr/lib/nltk_data'
    - '/usr/local/lib/nltk_data'
    - '/usr/nltk_data'
    - '/usr/lib/nltk_data'
    - ''
**********************************************************************

04/24/2018 12:08:55 AM Error: 
**********************************************************************
  Resource [93mpunkt[0m not found.
  Please use the NLTK Downloader to obtain the resource:

  [31m>>> import nltk
  >>> nltk.download('punkt')
  [0m
  Searched in:
    - '/home/reesau01/nltk_data'
    - '/usr/share/nltk_data'
    - '/usr/local/share/nltk_data'
    - '/usr/lib/nltk_data'
    - '/usr/local/lib/nltk_data'
    - '/usr/nltk_data'
    - '/usr/lib/nltk_data'
    - ''
**********************************************************************

04/24/2018 12:09:03 AM Error: 
**********************************************************************
  Resource [93mpunkt[0m not found.
  Please use the NLTK Downloader to obtain the resource:

  [31m>>> import nltk
  >>> nltk.download('punkt')
  [0m
  Searched in:
    - '/home/reesau01/nltk_data'
    - '/usr/share/nltk_data'
    - '/usr/local/share/nltk_data'
    - '/usr/lib/nltk_data'
    - '/usr/local/lib/nltk_data'
    - '/usr/nltk_data'
    - '/usr/lib/nltk_data'
    - ''
**********************************************************************

04/24/2018 12:09:03 AM Context saved.
04/24/2018 12:09:03 AM Saving data to CSV...
04/24/2018 12:09:03 AM Ongoing...
04/24/2018 12:09:03 AM Saved day's submissions.

04/24/2018 12:09:04 AM ----------------------------------------------

04/24/2018 12:09:04 AM Initiating client for the week's submssions...
04/24/2018 12:09:04 AM Ongoing...
04/24/2018 12:09:04 AM Logging in...
04/24/2018 12:09:11 AM Logged in with: /u/NewsMaps
04/24/2018 12:09:12 AM Client initiated.
04/24/2018 12:09:13 AM Fetching...
04/24/2018 12:09:13 AM Ongoing...
04/24/2018 12:09:15 AM Fetched.
04/24/2018 12:09:15 AM Getting context...
04/24/2018 12:09:15 AM Ongoing...
04/24/2018 12:09:27 AM Error: 
**********************************************************************
  Resource [93mpunkt[0m not found.
  Please use the NLTK Downloader to obtain the resource:

  [31m>>> import nltk
  >>> nltk.download('punkt')
  [0m
  Searched in:
    - '/home/reesau01/nltk_data'
    - '/usr/share/nltk_data'
    - '/usr/local/share/nltk_data'
    - '/usr/lib/nltk_data'
    - '/usr/local/lib/nltk_data'
    - '/usr/nltk_data'
    - '/usr/lib/nltk_data'
    - ''
**********************************************************************

04/24/2018 12:12:17 AM --------------------
04/24/2018 12:12:17 AM -------------
04/24/2018 12:12:17 AM Script starting...

04/24/2018 12:12:17 AM Initiating client for the day's submssions...
04/24/2018 12:12:17 AM Ongoing...
04/24/2018 12:12:17 AM Logging in...
04/24/2018 12:12:18 AM Logged in with: /u/NewsMaps
04/24/2018 12:12:18 AM Client initiated.
04/24/2018 12:12:18 AM Fetching...
04/24/2018 12:12:18 AM Ongoing...
04/24/2018 12:12:19 AM Fetched.
04/24/2018 12:12:19 AM Getting context...
04/24/2018 12:12:19 AM Ongoing...
04/24/2018 12:12:20 AM Error: 
**********************************************************************
  Resource [93mpunkt[0m not found.
  Please use the NLTK Downloader to obtain the resource:

  [31m>>> import nltk
  >>> nltk.download('punkt')
  [0m
  Searched in:
    - '/home/reesau01/nltk_data'
    - '/usr/share/nltk_data'
    - '/usr/local/share/nltk_data'
    - '/usr/lib/nltk_data'
    - '/usr/local/lib/nltk_data'
    - '/usr/nltk_data'
    - '/usr/lib/nltk_data'
    - ''
**********************************************************************

