INFO:root:Initiating client...
INFO:root:Ongoing...
INFO:root:Initiating client...
INFO:root:Ongoing...
INFO:root:Initiating client...
INFO:root:Ongoing...
INFO:root:Logged in with: /u/NewsMaps
INFO:root:Finished.
INFO:root:Initiating client...
INFO:root:Ongoing...
INFO:root:Logged in with: /u/NewsMaps
INFO:root:Finished.
04/10/2018 03:51:02 AM Initiating client...
04/10/2018 03:51:02 AM Ongoing...
04/10/2018 03:51:03 AM Logged in with: /u/NewsMaps
04/10/2018 03:51:03 AM Finished.
04/10/2018 04:26:38 AM Initiating client...
04/10/2018 04:26:38 AM Ongoing...
04/10/2018 04:26:38 AM Logged in with: /u/NewsMaps
04/10/2018 04:26:38 AM Finished.
04/10/2018 04:26:48 AM Initiating client...
04/10/2018 04:26:48 AM Ongoing...
04/10/2018 04:26:48 AM Logged in with: /u/NewsMaps
04/10/2018 04:26:48 AM Finished.
04/10/2018 04:28:32 AM Initiating client...
04/10/2018 04:28:32 AM Ongoing...
04/10/2018 04:28:32 AM Logged in with: /u/NewsMaps
04/10/2018 04:28:32 AM Finished.
04/10/2018 04:28:49 AM Initiating client...
04/10/2018 04:28:49 AM Ongoing...
04/10/2018 04:28:50 AM Logged in with: /u/NewsMaps
04/10/2018 04:28:50 AM Finished.
04/10/2018 04:29:49 AM Initiating client...
04/10/2018 04:29:49 AM Ongoing...
04/10/2018 04:29:50 AM Logged in with: /u/NewsMaps
04/10/2018 04:29:50 AM Finished.
04/10/2018 04:32:01 AM Initiating client...
04/10/2018 04:32:01 AM Ongoing...
04/10/2018 04:32:02 AM Logged in with: /u/NewsMaps
04/10/2018 04:32:02 AM Finished.
04/10/2018 04:34:49 AM Initiating client...
04/10/2018 04:34:49 AM Ongoing...
04/10/2018 04:34:49 AM Logged in with: /u/NewsMaps
04/10/2018 04:35:24 AM Initiating client...
04/10/2018 04:35:24 AM Ongoing...
04/10/2018 04:35:24 AM Logged in with: /u/NewsMaps
04/10/2018 04:35:25 AM Finished.
04/10/2018 04:35:47 AM Initiating client...
04/10/2018 04:35:47 AM Ongoing...
04/10/2018 04:35:47 AM Logged in with: /u/NewsMaps
04/10/2018 04:35:47 AM Finished.
04/10/2018 04:36:06 AM Initiating client...
04/10/2018 04:36:06 AM Ongoing...
04/10/2018 04:36:07 AM Logged in with: /u/NewsMaps
04/10/2018 04:36:08 AM Finished.
04/10/2018 04:36:39 AM Initiating client...
04/10/2018 04:36:39 AM Ongoing...
04/10/2018 04:36:40 AM Logged in with: /u/NewsMaps
04/10/2018 04:36:41 AM Finished.
04/10/2018 04:37:50 AM Initiating client...
04/10/2018 04:37:50 AM Ongoing...
04/10/2018 04:37:51 AM Logged in with: /u/NewsMaps
04/10/2018 04:37:51 AM Finished.
04/10/2018 04:39:01 AM Initiating client...
04/10/2018 04:39:01 AM Ongoing...
04/10/2018 04:39:02 AM Logged in with: /u/NewsMaps
04/10/2018 04:39:02 AM Finished.
04/10/2018 04:40:29 AM Initiating client...
04/10/2018 04:40:29 AM Ongoing...
04/10/2018 04:40:30 AM Logged in with: /u/NewsMaps
04/10/2018 04:40:30 AM Finished.
04/10/2018 04:40:56 AM Initiating client...
04/10/2018 04:40:56 AM Ongoing...
04/10/2018 04:40:56 AM Logged in with: /u/NewsMaps
04/10/2018 04:40:56 AM Finished.
04/10/2018 04:41:20 AM Initiating client...
04/10/2018 04:41:20 AM Ongoing...
04/10/2018 04:41:20 AM Logged in with: /u/NewsMaps
04/10/2018 04:41:22 AM Finished.
04/10/2018 04:43:48 AM Initiating client...
04/10/2018 04:43:48 AM Ongoing...
04/10/2018 04:43:49 AM Logged in with: /u/NewsMaps
04/10/2018 04:43:49 AM Finished.
04/10/2018 04:43:56 AM Initiating client...
04/10/2018 04:43:56 AM Ongoing...
04/10/2018 04:43:57 AM Logged in with: /u/NewsMaps
04/10/2018 04:43:57 AM Finished.
04/10/2018 04:44:03 AM Initiating client...
04/10/2018 04:44:03 AM Ongoing...
04/10/2018 04:44:04 AM Logged in with: /u/NewsMaps
04/10/2018 04:44:04 AM Finished.
04/10/2018 04:44:24 AM Initiating client...
04/10/2018 04:44:24 AM Ongoing...
04/10/2018 04:44:25 AM Logged in with: /u/NewsMaps
04/10/2018 04:44:25 AM Finished.
04/10/2018 04:44:52 AM Initiating client...
04/10/2018 04:44:52 AM Ongoing...
04/10/2018 04:44:53 AM Logged in with: /u/NewsMaps
04/10/2018 04:44:54 AM Finished.
04/10/2018 04:45:01 AM Initiating client...
04/10/2018 04:45:01 AM Ongoing...
04/10/2018 04:45:02 AM Logged in with: /u/NewsMaps
04/10/2018 04:45:03 AM Finished.
04/10/2018 04:45:27 AM Initiating client...
04/10/2018 04:45:27 AM Ongoing...
04/10/2018 04:45:29 AM Logged in with: /u/NewsMaps
04/10/2018 04:45:29 AM Finished.
04/10/2018 04:46:29 AM Initiating client...
04/10/2018 04:46:29 AM Ongoing...
04/10/2018 04:46:29 AM Finished.
04/10/2018 04:46:29 AM Logged in with: /u/NewsMaps
04/10/2018 04:46:31 AM Initiating client...
04/10/2018 04:46:31 AM Ongoing...
04/10/2018 04:46:31 AM Finished.
04/10/2018 04:46:31 AM Logged in with: /u/NewsMaps
04/10/2018 04:48:13 AM Initiating client...
04/10/2018 04:48:13 AM Ongoing...
04/10/2018 04:48:13 AM Finished.
04/10/2018 04:48:14 AM Logged in with: /u/NewsMaps
04/10/2018 04:48:43 AM Initiating client...
04/10/2018 04:48:43 AM Ongoing...
04/10/2018 04:48:43 AM Finished.
04/10/2018 04:48:44 AM Logged in with: /u/NewsMaps
04/10/2018 04:48:46 AM Initiating client...
04/10/2018 04:48:46 AM Ongoing...
04/10/2018 04:48:46 AM Finished.
04/10/2018 04:48:47 AM Logged in with: /u/NewsMaps
04/10/2018 04:49:41 AM Initiating client...
04/10/2018 04:49:41 AM Ongoing...
04/10/2018 04:49:41 AM Finished.
04/10/2018 04:49:42 AM Logged in with: /u/NewsMaps
04/10/2018 04:49:59 AM Initiating client...
04/10/2018 04:49:59 AM Ongoing...
04/10/2018 04:50:00 AM Logged in with: /u/NewsMaps
04/10/2018 04:50:00 AM Finished.
04/10/2018 04:50:23 AM Initiating client...
04/10/2018 04:50:23 AM Ongoing...
04/10/2018 04:50:24 AM Logged in with: /u/NewsMaps
04/10/2018 04:50:24 AM Finished.
04/10/2018 04:59:22 AM Initiating client...
04/10/2018 04:59:22 AM Ongoing...
04/10/2018 04:59:23 AM Logged in with: /u/NewsMaps
04/10/2018 04:59:23 AM Finished.
04/10/2018 05:01:34 AM Initiating client...
04/10/2018 05:01:34 AM Ongoing...
04/10/2018 05:01:34 AM Logged in with: /u/NewsMaps
04/10/2018 05:01:34 AM Finished.
04/10/2018 05:01:41 AM Initiating client...
04/10/2018 05:01:41 AM Ongoing...
04/10/2018 05:01:42 AM Logged in with: /u/NewsMaps
04/10/2018 05:01:42 AM Finished.
04/10/2018 05:37:35 AM --------------------
04/10/2018 05:37:35 AM Script starting...
04/10/2018 05:37:35 AM Initiating client...
04/10/2018 05:37:35 AM Ongoing...
04/10/2018 05:37:35 AM Logging in...
04/10/2018 05:37:36 AM Logged in with: /u/NewsMaps
04/10/2018 05:37:36 AM Client initiated.
04/10/2018 05:37:36 AM Fetching...
04/10/2018 05:37:36 AM Ongoing...
04/10/2018 05:37:38 AM Fetched.
04/10/2018 05:37:38 AM Script finished.

04/10/2018 05:37:38 AM --------------------
04/10/2018 05:37:53 AM --------------------
04/10/2018 05:37:53 AM Script starting...
04/10/2018 05:37:53 AM Initiating client...
04/10/2018 05:37:53 AM Ongoing...
04/10/2018 05:37:53 AM Logging in...
04/10/2018 05:37:54 AM Logged in with: /u/NewsMaps
04/10/2018 05:37:54 AM Client initiated.
04/10/2018 05:37:54 AM Fetching...
04/10/2018 05:37:54 AM Ongoing...
04/10/2018 05:37:54 AM Fetched.
04/10/2018 05:37:54 AM Script finished.

04/10/2018 05:37:54 AM --------------------
04/10/2018 05:53:34 AM --------------------

04/10/2018 05:53:34 AM Script starting...
04/10/2018 05:53:34 AM Initiating client...
04/10/2018 05:53:34 AM Ongoing...
04/10/2018 05:53:34 AM Logging in...
04/10/2018 05:53:34 AM Logged in with: /u/NewsMaps
04/10/2018 05:53:34 AM Client initiated.
04/10/2018 05:53:34 AM Fetching...
04/10/2018 05:53:34 AM Ongoing...
04/10/2018 05:53:36 AM Fetched.
04/10/2018 05:53:36 AM Saving data to CSV...
04/10/2018 05:53:36 AM Ongoing...
04/10/2018 05:53:36 AM Saved.
04/10/2018 05:53:36 AM Script finished.

04/10/2018 05:53:36 AM --------------------

04/10/2018 05:54:01 AM --------------------

04/10/2018 05:54:01 AM Script starting...
04/10/2018 05:54:01 AM Initiating client...
04/10/2018 05:54:01 AM Ongoing...
04/10/2018 05:54:01 AM Logging in...
04/10/2018 05:54:02 AM Logged in with: /u/NewsMaps
04/10/2018 05:54:02 AM Client initiated.
04/10/2018 05:54:02 AM Fetching...
04/10/2018 05:54:02 AM Ongoing...
04/10/2018 05:54:04 AM Fetched.
04/10/2018 05:54:04 AM Saving data to CSV...
04/10/2018 05:54:04 AM Ongoing...
04/10/2018 05:54:04 AM Saved.
04/10/2018 05:54:04 AM Script finished.

04/10/2018 05:54:04 AM --------------------

04/10/2018 05:54:32 AM --------------------

04/10/2018 05:54:32 AM Script starting...
04/10/2018 05:54:32 AM Initiating client...
04/10/2018 05:54:32 AM Ongoing...
04/10/2018 05:54:32 AM Logging in...
04/10/2018 05:54:33 AM Logged in with: /u/NewsMaps
04/10/2018 05:54:33 AM Client initiated.
04/10/2018 05:54:33 AM Fetching...
04/10/2018 05:54:33 AM Ongoing...
04/10/2018 05:54:34 AM Fetched.
04/10/2018 05:54:34 AM Saving data to CSV...
04/10/2018 05:54:34 AM Ongoing...
04/10/2018 05:56:25 AM --------------------

04/10/2018 05:56:25 AM Script starting...
04/10/2018 05:56:25 AM Initiating client...
04/10/2018 05:56:25 AM Ongoing...
04/10/2018 05:56:25 AM Logging in...
04/10/2018 05:56:26 AM Logged in with: /u/NewsMaps
04/10/2018 05:56:26 AM Client initiated.
04/10/2018 05:56:26 AM Fetching...
04/10/2018 05:56:26 AM Ongoing...
04/10/2018 05:56:27 AM Fetched.
04/10/2018 05:56:27 AM Saving data to CSV...
04/10/2018 05:56:27 AM Ongoing...
04/10/2018 05:56:27 AM Saved.
04/10/2018 05:56:27 AM Script finished.

04/10/2018 05:56:27 AM --------------------

04/10/2018 06:01:04 AM --------------------

04/10/2018 06:01:04 AM Script starting...
04/10/2018 06:01:04 AM Initiating client...
04/10/2018 06:01:04 AM Ongoing...
04/10/2018 06:01:04 AM Logging in...
04/10/2018 06:01:05 AM Logged in with: /u/NewsMaps
04/10/2018 06:01:05 AM Client initiated.
04/10/2018 06:01:05 AM Fetching...
04/10/2018 06:01:05 AM Ongoing...
04/10/2018 06:01:07 AM Fetched.
04/10/2018 06:01:07 AM Saving data to CSV...
04/10/2018 06:01:07 AM Ongoing...
04/10/2018 06:01:07 AM Saved.
04/10/2018 06:01:07 AM Script finished.

04/10/2018 06:01:07 AM --------------------

04/10/2018 06:01:29 AM --------------------

04/10/2018 06:01:29 AM Script starting...
04/10/2018 06:01:29 AM Initiating client...
04/10/2018 06:01:29 AM Ongoing...
04/10/2018 06:01:29 AM Logging in...
04/10/2018 06:01:30 AM Logged in with: /u/NewsMaps
04/10/2018 06:01:30 AM Client initiated.
04/10/2018 06:01:30 AM Fetching...
04/10/2018 06:01:30 AM Ongoing...
04/10/2018 06:01:32 AM Fetched.
04/10/2018 06:01:32 AM Saving data to CSV...
04/10/2018 06:01:32 AM Ongoing...
04/10/2018 06:01:32 AM Saved.
04/10/2018 06:01:32 AM Script finished.

04/10/2018 06:01:32 AM --------------------

04/10/2018 06:02:15 AM --------------------

04/10/2018 06:02:15 AM Script starting...
04/10/2018 06:02:15 AM Initiating client...
04/10/2018 06:02:15 AM Ongoing...
04/10/2018 06:02:15 AM Logging in...
04/10/2018 06:02:16 AM Logged in with: /u/NewsMaps
04/10/2018 06:02:16 AM Client initiated.
04/10/2018 06:02:16 AM Fetching...
04/10/2018 06:02:16 AM Ongoing...
04/10/2018 06:02:18 AM Fetched.
04/10/2018 06:02:18 AM Saving data to CSV...
04/10/2018 06:02:18 AM Ongoing...
04/10/2018 06:02:18 AM Saved.
04/10/2018 06:02:18 AM Script finished.

04/10/2018 06:02:18 AM --------------------

04/10/2018 06:23:12 AM --------------------

04/10/2018 06:23:12 AM Script starting...
04/10/2018 06:23:12 AM Initiating client...
04/10/2018 06:23:12 AM Ongoing...
04/10/2018 06:23:12 AM Logging in...
04/10/2018 06:23:12 AM Logged in with: /u/NewsMaps
04/10/2018 06:23:12 AM Client initiated.
04/10/2018 06:23:12 AM Fetching...
04/10/2018 06:23:12 AM Ongoing...
04/10/2018 06:23:14 AM Fetched.
04/10/2018 06:23:14 AM Saving data to CSV...
04/10/2018 06:23:14 AM Ongoing...
04/10/2018 06:25:39 AM --------------------

04/10/2018 06:25:39 AM Script starting...
04/10/2018 06:25:39 AM Initiating client...
04/10/2018 06:25:39 AM Ongoing...
04/10/2018 06:25:39 AM Logging in...
04/10/2018 06:25:40 AM Logged in with: /u/NewsMaps
04/10/2018 06:25:40 AM Client initiated.
04/10/2018 06:25:40 AM Fetching...
04/10/2018 06:25:40 AM Ongoing...
04/10/2018 06:25:41 AM Fetched.
04/10/2018 06:25:41 AM Saving data to CSV...
04/10/2018 06:25:41 AM Ongoing...
04/10/2018 06:26:09 AM --------------------

04/10/2018 06:26:09 AM Script starting...
04/10/2018 06:26:09 AM Initiating client...
04/10/2018 06:26:09 AM Ongoing...
04/10/2018 06:26:09 AM Logging in...
04/10/2018 06:26:10 AM Logged in with: /u/NewsMaps
04/10/2018 06:26:10 AM Client initiated.
04/10/2018 06:26:10 AM Fetching...
04/10/2018 06:26:10 AM Ongoing...
04/10/2018 06:26:11 AM Fetched.
04/10/2018 06:26:11 AM Saving data to CSV...
04/10/2018 06:26:11 AM Ongoing...
04/10/2018 06:26:42 AM --------------------

04/10/2018 06:26:42 AM Script starting...
04/10/2018 06:26:42 AM Initiating client...
04/10/2018 06:26:42 AM Ongoing...
04/10/2018 06:26:42 AM Logging in...
04/10/2018 06:26:43 AM Logged in with: /u/NewsMaps
04/10/2018 06:26:43 AM Client initiated.
04/10/2018 06:26:43 AM Fetching...
04/10/2018 06:26:43 AM Ongoing...
04/10/2018 06:26:44 AM Fetched.
04/10/2018 06:26:44 AM Saving data to CSV...
04/10/2018 06:26:44 AM Ongoing...
04/10/2018 06:26:55 AM --------------------

04/10/2018 06:26:55 AM Script starting...
04/10/2018 06:26:55 AM Initiating client...
04/10/2018 06:26:55 AM Ongoing...
04/10/2018 06:26:55 AM Logging in...
04/10/2018 06:26:55 AM Logged in with: /u/NewsMaps
04/10/2018 06:26:55 AM Client initiated.
04/10/2018 06:26:55 AM Fetching...
04/10/2018 06:26:55 AM Ongoing...
04/10/2018 06:26:57 AM Fetched.
04/10/2018 06:26:57 AM Saving data to CSV...
04/10/2018 06:26:57 AM Ongoing...
04/10/2018 06:27:05 AM --------------------

04/10/2018 06:27:05 AM Script starting...
04/10/2018 06:27:05 AM Initiating client...
04/10/2018 06:27:05 AM Ongoing...
04/10/2018 06:27:05 AM Logging in...
04/10/2018 06:27:05 AM Logged in with: /u/NewsMaps
04/10/2018 06:27:05 AM Client initiated.
04/10/2018 06:27:05 AM Fetching...
04/10/2018 06:27:05 AM Ongoing...
04/10/2018 06:27:07 AM Fetched.
04/10/2018 06:27:07 AM Saving data to CSV...
04/10/2018 06:27:07 AM Ongoing...
04/10/2018 06:28:27 AM --------------------

04/10/2018 06:28:27 AM Script starting...
04/10/2018 06:28:27 AM Initiating client...
04/10/2018 06:28:27 AM Ongoing...
04/10/2018 06:28:27 AM Logging in...
04/10/2018 06:28:28 AM Logged in with: /u/NewsMaps
04/10/2018 06:28:28 AM Client initiated.
04/10/2018 06:28:28 AM Fetching...
04/10/2018 06:28:28 AM Ongoing...
04/10/2018 06:28:29 AM Fetched.
04/10/2018 06:28:29 AM Saving data to CSV...
04/10/2018 06:28:29 AM Ongoing...
04/10/2018 06:28:29 AM Saved.
04/10/2018 06:28:29 AM Script finished.

04/10/2018 06:28:29 AM --------------------

04/10/2018 06:30:46 AM --------------------

04/10/2018 06:30:46 AM Script starting...
04/10/2018 06:30:46 AM Initiating client...
04/10/2018 06:30:46 AM Ongoing...
04/10/2018 06:30:46 AM Logging in...
04/10/2018 06:30:46 AM Logged in with: /u/NewsMaps
04/10/2018 06:30:46 AM Client initiated.
04/10/2018 06:30:46 AM Fetching...
04/10/2018 06:30:46 AM Ongoing...
04/10/2018 06:30:48 AM Fetched.
04/10/2018 06:30:48 AM Saving data to CSV...
04/10/2018 06:30:48 AM Ongoing...
04/10/2018 06:30:48 AM Saved.
04/10/2018 06:30:48 AM Script finished.

04/10/2018 06:30:48 AM --------------------

04/10/2018 06:31:08 AM 
--------------------

04/10/2018 06:31:08 AM Script starting...
04/10/2018 06:31:08 AM Initiating client...
04/10/2018 06:31:08 AM Ongoing...
04/10/2018 06:31:08 AM Logging in...
04/10/2018 06:31:09 AM Logged in with: /u/NewsMaps
04/10/2018 06:31:09 AM Client initiated.
04/10/2018 06:31:09 AM Fetching...
04/10/2018 06:31:09 AM Ongoing...
04/10/2018 06:31:11 AM Fetched.
04/10/2018 06:31:11 AM Saving data to CSV...
04/10/2018 06:31:11 AM Ongoing...
04/10/2018 06:31:11 AM Saved.
04/10/2018 06:31:11 AM Script finished.

04/10/2018 06:31:11 AM --------------------

04/10/2018 06:31:24 AM 
--------------------

04/10/2018 06:31:24 AM Script starting...
04/10/2018 06:31:24 AM Initiating client...
04/10/2018 06:31:24 AM Ongoing...
04/10/2018 06:31:24 AM Logging in...
04/10/2018 06:31:25 AM Logged in with: /u/NewsMaps
04/10/2018 06:31:25 AM Client initiated.
04/10/2018 06:31:25 AM Fetching...
04/10/2018 06:31:25 AM Ongoing...
04/10/2018 06:31:27 AM Fetched.
04/10/2018 06:31:27 AM Saving data to CSV...
04/10/2018 06:31:27 AM Ongoing...
04/10/2018 06:31:27 AM Saved.
04/10/2018 06:31:27 AM Script finished.

04/10/2018 06:31:27 AM --------------------

04/10/2018 06:31:33 AM --------------------

04/10/2018 06:31:33 AM Script starting...
04/10/2018 06:31:33 AM Initiating client...
04/10/2018 06:31:33 AM Ongoing...
04/10/2018 06:31:33 AM Logging in...
04/10/2018 06:31:34 AM Logged in with: /u/NewsMaps
04/10/2018 06:31:34 AM Client initiated.
04/10/2018 06:31:34 AM Fetching...
04/10/2018 06:31:34 AM Ongoing...
04/10/2018 06:31:36 AM Fetched.
04/10/2018 06:31:36 AM Saving data to CSV...
04/10/2018 06:31:36 AM Ongoing...
04/10/2018 06:31:36 AM Saved.
04/10/2018 06:31:36 AM Script finished.

04/10/2018 06:31:36 AM --------------------

04/10/2018 06:32:03 AM --------------------

04/10/2018 06:32:03 AM -------------
04/10/2018 06:32:03 AM Script starting...
04/10/2018 06:32:03 AM Initiating client...
04/10/2018 06:32:03 AM Ongoing...
04/10/2018 06:32:03 AM Logging in...
04/10/2018 06:32:04 AM Logged in with: /u/NewsMaps
04/10/2018 06:32:04 AM Client initiated.
04/10/2018 06:32:04 AM Fetching...
04/10/2018 06:32:04 AM Ongoing...
04/10/2018 06:32:06 AM Fetched.
04/10/2018 06:32:06 AM Saving data to CSV...
04/10/2018 06:32:06 AM Ongoing...
04/10/2018 06:32:06 AM Saved.
04/10/2018 06:32:06 AM Script finished.

04/10/2018 06:32:06 AM -------------
04/10/2018 06:32:06 AM --------------------

04/10/2018 06:32:30 AM --------------------
04/10/2018 06:32:30 AM -------------

04/10/2018 06:32:30 AM Script starting...
04/10/2018 06:32:30 AM Initiating client...
04/10/2018 06:32:30 AM Ongoing...
04/10/2018 06:32:30 AM Logging in...
04/10/2018 06:32:30 AM Logged in with: /u/NewsMaps
04/10/2018 06:32:30 AM Client initiated.
04/10/2018 06:32:30 AM Fetching...
04/10/2018 06:32:30 AM Ongoing...
04/10/2018 06:32:32 AM Fetched.
04/10/2018 06:32:32 AM Saving data to CSV...
04/10/2018 06:32:32 AM Ongoing...
04/10/2018 06:32:32 AM Saved.
04/10/2018 06:32:32 AM Script finished.

04/10/2018 06:32:32 AM -------------
04/10/2018 06:32:32 AM --------------------

04/10/2018 06:37:33 AM --------------------
04/10/2018 06:37:33 AM -------------

04/10/2018 06:37:33 AM Script starting...
04/10/2018 06:37:33 AM Initiating client...
04/10/2018 06:37:33 AM Ongoing...
04/10/2018 06:37:33 AM Logging in...
04/10/2018 06:37:34 AM Logged in with: /u/NewsMaps
04/10/2018 06:37:34 AM Client initiated.
04/10/2018 06:37:34 AM Fetching...
04/10/2018 06:37:34 AM Ongoing...
04/10/2018 06:37:35 AM Fetched.
04/10/2018 06:37:35 AM Saving data to CSV...
04/10/2018 06:37:35 AM Ongoing...
04/10/2018 06:37:35 AM Saved.
04/10/2018 06:37:35 AM Script finished.

04/10/2018 06:37:35 AM -------------
04/10/2018 06:37:35 AM --------------------

04/10/2018 06:47:12 AM --------------------
04/10/2018 06:47:12 AM -------------

04/10/2018 06:47:12 AM Script starting...
04/10/2018 06:47:12 AM Initiating client...
04/10/2018 06:47:12 AM Ongoing...
04/10/2018 06:47:12 AM Logging in...
04/10/2018 06:47:13 AM Logged in with: /u/NewsMaps
04/10/2018 06:47:13 AM Client initiated.
04/10/2018 06:47:13 AM Fetching...
04/10/2018 06:47:13 AM Ongoing...
04/10/2018 06:47:15 AM Fetched.
04/10/2018 06:47:15 AM Saving data to CSV...
04/10/2018 06:47:15 AM Ongoing...
04/10/2018 06:47:15 AM Saved.
04/10/2018 06:47:15 AM Script finished.

04/10/2018 06:47:15 AM -------------
04/10/2018 06:47:15 AM --------------------

